[debug] [2025-03-25T16:51:45.115Z] ----------------------------------------------------------------------
[debug] [2025-03-25T16:51:45.121Z] Command:       C:\Program Files\nodejs\node.exe C:\Users\Manoj Kumar\AppData\Roaming\npm\node_modules\firebase-tools\lib\bin\firebase.js init hosting
[debug] [2025-03-25T16:51:45.121Z] CLI Version:   13.35.1
[debug] [2025-03-25T16:51:45.121Z] Platform:      win32
[debug] [2025-03-25T16:51:45.121Z] Node Version:  v22.14.0
[debug] [2025-03-25T16:51:45.122Z] Time:          Tue Mar 25 2025 22:21:45 GMT+0530 (India Standard Time)
[debug] [2025-03-25T16:51:45.122Z] ----------------------------------------------------------------------
[debug] 
[debug] [2025-03-25T16:51:45.132Z] > command requires scopes: ["email","openid","https://www.googleapis.com/auth/cloudplatformprojects.readonly","https://www.googleapis.com/auth/firebase","https://www.googleapis.com/auth/cloud-platform"]
[debug] [2025-03-25T16:51:45.133Z] > authorizing via signed-in user (kiran.dhn16@gmail.com)
[info] 
     ######## #### ########  ######## ########     ###     ######  ########
     ##        ##  ##     ## ##       ##     ##  ##   ##  ##       ##
     ######    ##  ########  ######   ########  #########  ######  ######
     ##        ##  ##    ##  ##       ##     ## ##     ##       ## ##
     ##       #### ##     ## ######## ########  ##     ##  ######  ########

You're about to initialize a Firebase project in this directory:

  C:\Users\Manoj Kumar\OneDrive\Desktop\Project\netflix-clone

[info] 
=== Project Setup
[info] 
[info] First, let's associate this project directory with a Firebase project.
[info] You can create multiple project aliases by running firebase use --add, 
[info] but for now we'll just set up a default project.
[info] 
[debug] [2025-03-25T16:51:52.791Z] Checked if tokens are valid: true, expires at: 1742925079420
[debug] [2025-03-25T16:51:52.791Z] Checked if tokens are valid: true, expires at: 1742925079420
[debug] [2025-03-25T16:51:52.793Z] >>> [apiv2][query] GET https://firebase.googleapis.com/v1beta1/projects pageSize=100
[debug] [2025-03-25T16:51:54.013Z] <<< [apiv2][status] GET https://firebase.googleapis.com/v1beta1/projects 200
[debug] [2025-03-25T16:51:54.013Z] <<< [apiv2][body] GET https://firebase.googleapis.com/v1beta1/projects [omitted]
[info] i  Using project netflix-clone-8a243 (Netflix-clone) 
[info] 
=== Hosting Setup
[debug] [2025-03-25T16:51:56.319Z] Checked if tokens are valid: true, expires at: 1742925079420
[debug] [2025-03-25T16:51:56.319Z] Checked if tokens are valid: true, expires at: 1742925079420
[debug] [2025-03-25T16:51:56.319Z] >>> [apiv2][query] GET https://firebase.googleapis.com/v1beta1/projects/netflix-clone-8a243 [none]
[debug] [2025-03-25T16:51:56.741Z] <<< [apiv2][status] GET https://firebase.googleapis.com/v1beta1/projects/netflix-clone-8a243 200
[debug] [2025-03-25T16:51:56.742Z] <<< [apiv2][body] GET https://firebase.googleapis.com/v1beta1/projects/netflix-clone-8a243 {"projectId":"netflix-clone-8a243","projectNumber":"627410113201","displayName":"Netflix-clone","name":"projects/netflix-clone-8a243","resources":{"hostingSite":"netflix-clone-8a243"},"state":"ACTIVE","etag":"1_04751398-db99-457b-a760-aeaab9f734de"}
[info] 
[info] Your public directory is the folder (relative to your project directory) that
[info] will contain Hosting assets to be uploaded with firebase deploy. If you
[info] have a build process for your assets, use your build's output directory.
[info] 
[info] +  Wrote public/404.html 
[debug] [2025-03-25T16:52:02.943Z] >>> [apiv2][query] GET https://www.gstatic.com/firebasejs/releases.json [none]
[debug] [2025-03-25T16:52:05.091Z] <<< [apiv2][status] GET https://www.gstatic.com/firebasejs/releases.json 200
[debug] [2025-03-25T16:52:05.091Z] <<< [apiv2][body] GET https://www.gstatic.com/firebasejs/releases.json {"current":{"version":"11.5.0","browserURL":"https://www.gstatic.com/firebasejs/11.5.0/firebase.js","packageURL":"https://www.gstatic.com/firebasejs/11.5.0/firebase.tgz"},"live":{"version":"11.5","browserURL":"https://www.gstatic.com/firebasejs/live/11.5/firebase.js","packageURL":"https://www.gstatic.com/firebasejs/live/11.5/firebase.tgz"},"components":{"analytics":"https://www.gstatic.com/firebasejs/11.5.0/firebase-analytics.js","app":"https://www.gstatic.com/firebasejs/11.5.0/firebase-app.js","app-check":"https://www.gstatic.com/firebasejs/11.5.0/firebase-app-check.js","auth":"https://www.gstatic.com/firebasejs/11.5.0/firebase-auth.js","auth/cordova":"https://www.gstatic.com/firebasejs/11.5.0/firebase-auth/cordova.js","auth/web-extension":"https://www.gstatic.com/firebasejs/11.5.0/firebase-auth/web-extension.js","functions":"https://www.gstatic.com/firebasejs/11.5.0/firebase-functions.js","firestore":"https://www.gstatic.com/firebasejs/11.5.0/firebase-firestore.js","firestore/lite":"https://www.gstatic.com/firebasejs/11.5.0/firebase-firestore/lite.js","installations":"https://www.gstatic.com/firebasejs/11.5.0/firebase-installations.js","storage":"https://www.gstatic.com/firebasejs/11.5.0/firebase-storage.js","performance":"https://www.gstatic.com/firebasejs/11.5.0/firebase-performance.js","remote-config":"https://www.gstatic.com/firebasejs/11.5.0/firebase-remote-config.js","messaging":"https://www.gstatic.com/firebasejs/11.5.0/firebase-messaging.js","messaging/sw":"https://www.gstatic.com/firebasejs/11.5.0/firebase-messaging/sw.js","database":"https://www.gstatic.com/firebasejs/11.5.0/firebase-database.js","vertexai":"https://www.gstatic.com/firebasejs/11.5.0/firebase-vertexai.js","data-connect":"https://www.gstatic.com/firebasejs/11.5.0/firebase-data-connect.js","firestore.memory":"https://www.gstatic.com/firebasejs/11.5.0/firebase-firestore.memory.js"}}
[info] +  Wrote public/index.html 
[info] 
[info] i  Detected a .git folder at C:\Users\Manoj Kumar\OneDrive\Desktop\Project 
[info] i  Authorizing with GitHub to upload your service account to a GitHub repository's secrets store. 
[info] 
[info] Visit this URL on this device to log in:
[info] https://github.com/login/oauth/authorize?client_id=89cf50f02ac6aaed3484&state=552810622&redirect_uri=http%3A%2F%2Flocalhost%3A9005&scope=read%3Auser%20repo%20public_repo
[info] 
[info] Waiting for authentication...
[debug] [2025-03-25T16:53:29.030Z] ----------------------------------------------------------------------
[debug] [2025-03-25T16:53:29.032Z] Command:       C:\Program Files\nodejs\node.exe C:\Users\Manoj Kumar\AppData\Roaming\npm\node_modules\firebase-tools\lib\bin\firebase.js init functions
[debug] [2025-03-25T16:53:29.033Z] CLI Version:   13.35.1
[debug] [2025-03-25T16:53:29.033Z] Platform:      win32
[debug] [2025-03-25T16:53:29.033Z] Node Version:  v22.14.0
[debug] [2025-03-25T16:53:29.033Z] Time:          Tue Mar 25 2025 22:23:29 GMT+0530 (India Standard Time)
[debug] [2025-03-25T16:53:29.033Z] ----------------------------------------------------------------------
[debug] 
[debug] [2025-03-25T16:53:29.039Z] > command requires scopes: ["email","openid","https://www.googleapis.com/auth/cloudplatformprojects.readonly","https://www.googleapis.com/auth/firebase","https://www.googleapis.com/auth/cloud-platform"]
[debug] [2025-03-25T16:53:29.040Z] > authorizing via signed-in user (kiran.dhn16@gmail.com)
[info] 
     ######## #### ########  ######## ########     ###     ######  ########
     ##        ##  ##     ## ##       ##     ##  ##   ##  ##       ##
     ######    ##  ########  ######   ########  #########  ######  ######
     ##        ##  ##    ##  ##       ##     ## ##     ##       ## ##
     ##       #### ##     ## ######## ########  ##     ##  ######  ########

You're about to initialize a Firebase project in this directory:

  C:\Users\Manoj Kumar\OneDrive\Desktop\Project\netflix-clone

[info] 
=== Project Setup
[info] 
[info] First, let's associate this project directory with a Firebase project.
[info] You can create multiple project aliases by running firebase use --add, 
[info] but for now we'll just set up a default project.
[info] 
[debug] [2025-03-25T16:53:33.007Z] Checked if tokens are valid: true, expires at: 1742925079420
[debug] [2025-03-25T16:53:33.007Z] Checked if tokens are valid: true, expires at: 1742925079420
[debug] [2025-03-25T16:53:33.009Z] >>> [apiv2][query] GET https://firebase.googleapis.com/v1beta1/projects pageSize=100
